Removed Pin From Net: NetName=PB3 Pin=IO1-1
Removed Pin From Net: NetName=PB4 Pin=IO1-2
Removed Pin From Net: NetName=PB5 Pin=IO1-3
Removed Pin From Net: NetName=PB1 Pin=IO1-4
Removed Pin From Net: NetName=3V3 Pin=STM1-1
Removed Pin From Net: NetName=NetC12_2 Pin=STM1-5
Removed Pin From Net: NetName=NetC13_2 Pin=STM1-6
Removed Pin From Net: NetName=NRST Pin=STM1-7
Removed Pin From Net: NetName=GND Pin=STM1-8
Removed Pin From Net: NetName=3V3 Pin=STM1-9
Removed Pin From Net: NetName=PA0_IN Pin=STM1-10
Removed Pin From Net: NetName=PA1 Pin=STM1-11
Removed Pin From Net: NetName=PA2 Pin=STM1-12
Removed Pin From Net: NetName=PA3 Pin=STM1-13
Removed Pin From Net: NetName=PA4 Pin=STM1-14
Removed Pin From Net: NetName=PB1 Pin=STM1-19
Removed Pin From Net: NetName=BOOT1 Pin=STM1-20
Removed Pin From Net: NetName=TXD Pin=STM1-21
Removed Pin From Net: NetName=RXD Pin=STM1-22
Removed Pin From Net: NetName=GND Pin=STM1-23
Removed Pin From Net: NetName=3V3 Pin=STM1-24
Removed Pin From Net: NetName=SET_color_IN Pin=STM1-25
Removed Pin From Net: NetName=TIM1_CH1 Pin=STM1-29
Removed Pin From Net: NetName=TIM1_CH2 Pin=STM1-30
Removed Pin From Net: NetName=TIM1_CH3 Pin=STM1-31
Removed Pin From Net: NetName=TIM1_CH4 Pin=STM1-32
Removed Pin From Net: NetName=SWDIO Pin=STM1-34
Removed Pin From Net: NetName=GND Pin=STM1-35
Removed Pin From Net: NetName=3V3 Pin=STM1-36
Removed Pin From Net: NetName=SWCLK Pin=STM1-37
Removed Pin From Net: NetName=PB3 Pin=STM1-39
Removed Pin From Net: NetName=PB4 Pin=STM1-40
Removed Pin From Net: NetName=PB5 Pin=STM1-41
Removed Pin From Net: NetName=SCL Pin=STM1-42
Removed Pin From Net: NetName=SDA Pin=STM1-43
Removed Pin From Net: NetName=BOOT0 Pin=STM1-44
Removed Pin From Net: NetName=CAN_RX Pin=STM1-45
Removed Pin From Net: NetName=CAN_TX Pin=STM1-46
Removed Pin From Net: NetName=GND Pin=STM1-47
Removed Pin From Net: NetName=3V3 Pin=STM1-48
Added Component: Designator=STM1(LQFP_P0.5_48)
Add component. Clean all parameters for all variants
Added Pin To Net: NetName=PB4 Pin=IO1-1
Added Pin To Net: NetName=PB3 Pin=IO1-2
Added Pin To Net: NetName=PB1 Pin=IO1-3
Added Pin To Net: NetName=3V3 Pin=STM1-1
Added Pin To Net: NetName=NetC12_2 Pin=STM1-5
Added Pin To Net: NetName=NetC13_2 Pin=STM1-6
Added Pin To Net: NetName=NRST Pin=STM1-7
Added Pin To Net: NetName=GND Pin=STM1-8
Added Pin To Net: NetName=3V3 Pin=STM1-9
Added Pin To Net: NetName=PA0_IN Pin=STM1-10
Added Pin To Net: NetName=PA1 Pin=STM1-11
Added Pin To Net: NetName=PA2 Pin=STM1-12
Added Pin To Net: NetName=PA3 Pin=STM1-13
Added Pin To Net: NetName=PA4 Pin=STM1-14
Added Pin To Net: NetName=PB1 Pin=STM1-19
Added Pin To Net: NetName=BOOT1 Pin=STM1-20
Added Pin To Net: NetName=TXD Pin=STM1-21
Added Pin To Net: NetName=RXD Pin=STM1-22
Added Pin To Net: NetName=GND Pin=STM1-23
Added Pin To Net: NetName=3V3 Pin=STM1-24
Added Pin To Net: NetName=SET_color_IN Pin=STM1-25
Added Pin To Net: NetName=TIM1_CH1 Pin=STM1-29
Added Pin To Net: NetName=TIM1_CH2 Pin=STM1-30
Added Pin To Net: NetName=TIM1_CH3 Pin=STM1-31
Added Pin To Net: NetName=TIM1_CH4 Pin=STM1-32
Added Pin To Net: NetName=SWDIO Pin=STM1-34
Added Pin To Net: NetName=GND Pin=STM1-35
Added Pin To Net: NetName=3V3 Pin=STM1-36
Added Pin To Net: NetName=SWCLK Pin=STM1-37
Added Pin To Net: NetName=PB3 Pin=STM1-39
Added Pin To Net: NetName=PB4 Pin=STM1-40
Added Pin To Net: NetName=PB5 Pin=STM1-41
Added Pin To Net: NetName=SCL Pin=STM1-42
Added Pin To Net: NetName=SDA Pin=STM1-43
Added Pin To Net: NetName=BOOT0 Pin=STM1-44
Added Pin To Net: NetName=CAN_RX Pin=STM1-45
Added Pin To Net: NetName=CAN_TX Pin=STM1-46
Added Pin To Net: NetName=GND Pin=STM1-47
Added Pin To Net: NetName=3V3 Pin=STM1-48
Added Pin To Net: NetName=PB5 Pin=TCS2-5
Added Pin To Net: NetName=PB0 Pin=IO1-4
Added Pin To Net: NetName=PB0 Pin=STM1-18
Added Net: Name=PB0
Added Room: Name=Sheet1
